12:11:43 **** Incremental Build of configuration Default for project app ****
"C:\\intelFPGA_lite\\24.1std\\riscfree\\build_tools\\bin\\make.exe" -j all 
-- Configuring done (0.1s)
-- Generating done (0.8s)
-- Build files have been written to: C:/Users/Kelly/akelly/ENSEA/3A/fpga/tp/TP_FPGA/tp_nios_v/soft/app/build/Default
[  1%] Building ASM object bsp/CMakeFiles/hal2_bsp.dir/HAL/src/alt_ecc_exception_entry.S.obj
[  3%] Building ASM object bsp/CMakeFiles/hal2_bsp.dir/HAL/src/alt_mcount.S.obj
[  2%] Building ASM object bsp/CMakeFiles/hal2_bsp.dir/HAL/src/alt_vic_vector_table.S.obj
[  4%] Building ASM object bsp/CMakeFiles/hal2_bsp.dir/HAL/src/alt_log_macro.S.obj
[  5%] Building ASM object bsp/CMakeFiles/hal2_bsp.dir/HAL/src/machine_trap.S.obj
[  6%] Building C object bsp/CMakeFiles/hal2_bsp.dir/HAL/src/alt_close.c.obj
[  7%] Building C object bsp/CMakeFiles/hal2_bsp.dir/HAL/src/alt_busy_sleep.c.obj
[  8%] Building C object bsp/CMakeFiles/hal2_bsp.dir/HAL/src/alt_dcache_flush.c.obj
[  9%] Building ASM object bsp/CMakeFiles/hal2_bsp.dir/HAL/src/crt0.S.obj
[ 10%] Building C object bsp/CMakeFiles/hal2_bsp.dir/HAL/src/alt_alarm_start.c.obj
[ 11%] Building C object bsp/CMakeFiles/hal2_bsp.dir/HAL/src/alt_ecc_exception.c.obj
[ 12%] Building C object bsp/CMakeFiles/hal2_bsp.dir/HAL/src/alt_find_dev.c.obj
[ 13%] Building C object bsp/CMakeFiles/hal2_bsp.dir/HAL/src/alt_dev.c.obj
[ 14%] Building C object bsp/CMakeFiles/hal2_bsp.dir/HAL/src/alt_dma_txchan_open.c.obj
[ 15%] Building C object bsp/CMakeFiles/hal2_bsp.dir/HAL/src/alt_iic_isr_register.c.obj
[ 16%] Building C object bsp/CMakeFiles/hal2_bsp.dir/HAL/src/alt_dcache_flush_all.c.obj
[ 17%] Building C object bsp/CMakeFiles/hal2_bsp.dir/HAL/src/alt_dma_rxchan_open.c.obj
[ 19%] Building C object bsp/CMakeFiles/hal2_bsp.dir/HAL/src/alt_dcache_flush_no_writeback.c.obj
[ 19%] Building C object bsp/CMakeFiles/hal2_bsp.dir/HAL/src/alt_ecc_error_inject.c.obj
[ 20%] Building C object bsp/CMakeFiles/hal2_bsp.dir/HAL/src/alt_fcntl.c.obj
[ 21%] Building C object bsp/CMakeFiles/hal2_bsp.dir/HAL/src/alt_fd_lock.c.obj
[ 24%] Building C object bsp/CMakeFiles/hal2_bsp.dir/HAL/src/alt_fstat.c.obj
[ 23%] Building C object bsp/CMakeFiles/hal2_bsp.dir/drivers/src/altera_avalon_jtag_uart_ioctl.c.obj
[ 23%] Building C object bsp/CMakeFiles/hal2_bsp.dir/HAL/src/alt_icache_flush_all.c.obj
[ 25%] Building C object bsp/CMakeFiles/hal2_bsp.dir/HAL/src/alt_lseek.c.obj
[ 27%] Building C object bsp/CMakeFiles/hal2_bsp.dir/HAL/src/alt_exit.c.obj
[ 28%] Building C object bsp/CMakeFiles/hal2_bsp.dir/HAL/src/alt_isatty.c.obj
[ 29%] Building C object bsp/CMakeFiles/hal2_bsp.dir/HAL/src/alt_find_file.c.obj
[ 30%] Building C object bsp/CMakeFiles/hal2_bsp.dir/HAL/src/alt_fs_reg.c.obj
[ 30%] Building C object bsp/CMakeFiles/hal2_bsp.dir/HAL/src/alt_get_fd.c.obj
[ 34%] Building C object bsp/CMakeFiles/hal2_bsp.dir/HAL/src/alt_iic.c.obj
[ 34%] Building C object bsp/CMakeFiles/hal2_bsp.dir/HAL/src/alt_io_redirect.c.obj
[ 34%] Building C object bsp/CMakeFiles/hal2_bsp.dir/HAL/src/alt_read.c.obj
[ 35%] Building C object bsp/CMakeFiles/hal2_bsp.dir/HAL/src/alt_sbrk.c.obj
[ 36%] Building C object bsp/CMakeFiles/hal2_bsp.dir/HAL/src/intel_fpga_api_cmn_dfl.c.obj
[ 37%] Building C object bsp/CMakeFiles/hal2_bsp.dir/HAL/src/intel_fpga_api_niosv.c.obj
[ 38%] Building C object bsp/CMakeFiles/hal2_bsp.dir/HAL/src/intel_fpga_platform_api_niosv.c.obj
[ 39%] Building C object bsp/CMakeFiles/hal2_bsp.dir/HAL/src/intel_fpga_api_cmn_inf.c.obj
[ 40%] Building C object bsp/CMakeFiles/hal2_bsp.dir/HAL/src/alt_ioctl.c.obj
[ 41%] Building C object bsp/CMakeFiles/hal2_bsp.dir/HAL/src/alt_tick.c.obj
[ 42%] Building C object bsp/CMakeFiles/hal2_bsp.dir/HAL/src/alt_instruction_exception_register.c.obj
[ 43%] Building C object bsp/CMakeFiles/hal2_bsp.dir/HAL/src/intel_fpga_api_cmn_msg.c.obj
[ 45%] Building C object bsp/CMakeFiles/hal2_bsp.dir/drivers/src/altera_avalon_jtag_uart_write.c.obj
[ 45%] Building C object bsp/CMakeFiles/hal2_bsp.dir/HAL/src/alt_irq_handler.c.obj
[ 46%] Building C object bsp/CMakeFiles/hal2_bsp.dir/HAL/src/alt_icache_flush.c.obj
[ 47%] Building C object bsp/CMakeFiles/hal2_bsp.dir/HAL/src/alt_vic_isr_wrapper.c.obj
[ 48%] Building C object bsp/CMakeFiles/hal2_bsp.dir/HAL/src/alt_main.c.obj
[ 49%] Building C object bsp/CMakeFiles/hal2_bsp.dir/HAL/src/alt_open.c.obj
[ 50%] Building C object bsp/CMakeFiles/hal2_bsp.dir/drivers/src/altera_avalon_jtag_uart_fd.c.obj
[ 51%] Building C object bsp/CMakeFiles/hal2_bsp.dir/HAL/src/alt_fd_unlock.c.obj
[ 52%] Building C object bsp/CMakeFiles/hal2_bsp.dir/HAL/src/alt_release_fd.c.obj
[ 54%] Building C object bsp/CMakeFiles/hal2_bsp.dir/drivers/src/altera_avalon_jtag_uart_init.c.obj
[ 55%] Building C object bsp/CMakeFiles/hal2_bsp.dir/HAL/src/alt_flash_dev.c.obj
[ 55%] Building C object bsp/CMakeFiles/hal2_bsp.dir/HAL/src/alt_gmon.c.obj
[ 56%] Building C object bsp/CMakeFiles/hal2_bsp.dir/alt_sys_init.c.obj
[ 57%] Building C object bsp/CMakeFiles/hal2_bsp.dir/HAL/src/alt_write.c.obj
[ 58%] Building C object bsp/CMakeFiles/hal2_bsp.dir/drivers/src/altera_avalon_jtag_uart_read.c.obj
[ 59%] Building C object bsp/CMakeFiles/hal2_bsp.dir/HAL/src/intel_niosv_irq.c.obj
[ 60%] Building C object bsp/CMakeFiles/hal2_bsp.dir/HAL/src/mtimer.c.obj
[ 61%] Linking C static library libhal2_bsp.a
[ 94%] Built target hal2_bsp
[ 95%] Linking C executable app.elf
[ 96%] Built target app.elf
[ 97%] Creating app.elf.objdump.
[100%] Reporting memory available for stack + heap in app.elf.
[100%] Creating onchip_memory2_0.hex.
TBBmalloc: skip allocation functions replacement in ucrtbase.dll: unknown prologue for function _msize
[100%] Built target create-objdump
app.elf
 * 33.94 KB - Program size (code + initialized data).
 * 88.20 KB - Free for stack + heap.
[100%] Built target create-hex
[100%] Built target niosv-stack-report
